BEFORE sessions: 24
BEFORE session_features: 24
BEFORE activity_labels: 24
C:\Users\USUARIO1\Documents\Proyectos personales\spotify\transformation\build_sessions.py:53: UserWarning: pandas only supports SQLAlchemy connectable (engine/connection) or database string URI or sqlite3 DBAPI2 connection. Other DBAPI2 objects are not tested. Please consider using SQLAlchemy.
  df = pd.read_sql(query, conn)
C:\Users\USUARIO1\Documents\Proyectos personales\spotify\transformation\compute_features.py:44: UserWarning: pandas only supports SQLAlchemy connectable (engine/connection) or database string URI or sqlite3 DBAPI2 connection. Other DBAPI2 objects are not tested. Please consider using SQLAlchemy.
  sessions = pd.read_sql(
C:\Users\USUARIO1\Documents\Proyectos personales\spotify\transformation\compute_features.py:51: UserWarning: pandas only supports SQLAlchemy connectable (engine/connection) or database string URI or sqlite3 DBAPI2 connection. Other DBAPI2 objects are not tested. Please consider using SQLAlchemy.
  plays = pd.read_sql(
C:\Users\USUARIO1\Documents\Proyectos personales\spotify\transformation\compute_features.py:57: UserWarning: pandas only supports SQLAlchemy connectable (engine/connection) or database string URI or sqlite3 DBAPI2 connection. Other DBAPI2 objects are not tested. Please consider using SQLAlchemy.
  audio = pd.read_sql(
C:\Users\USUARIO1\Documents\Proyectos personales\spotify\transformation\compute_features.py:64: UserWarning: pandas only supports SQLAlchemy connectable (engine/connection) or database string URI or sqlite3 DBAPI2 connection. Other DBAPI2 objects are not tested. Please consider using SQLAlchemy.
  artists = pd.read_sql(
C:\Users\USUARIO1\Documents\Proyectos personales\spotify\transformation\label_activities.py:85: UserWarning: pandas only supports SQLAlchemy connectable (engine/connection) or database string URI or sqlite3 DBAPI2 connection. Other DBAPI2 objects are not tested. Please consider using SQLAlchemy.
  df = pd.read_sql(query, conn)
============================================================
   SPOTIFY LIFE PATTERNS — PIPELINE
============================================================

[1/6] Ingest plays — skipped

[2/6] Ingest audio features — skipped

[3/6] Ingest artists — skipped

[4/6] Build sessions
----------------------------------------
=== Construccion de sesiones ===
Plays cargados: 218
Sesiones detectadas: 24
  2026-04-12T03:53 | 103.5 min | 28 tracks
  2026-04-12T17:05 | 14.5 min | 3 tracks
  2026-04-12T20:51 | 62.3 min | 18 tracks
  2026-04-12T23:50 | 2.6 min | 1 tracks
  2026-04-13T04:38 | 3.4 min | 1 tracks
  2026-04-13T12:36 | 14.9 min | 4 tracks
  2026-04-13T14:55 | 56.7 min | 17 tracks
  2026-04-13T16:19 | 3.0 min | 1 tracks
  2026-04-13T17:03 | 107.1 min | 32 tracks
  2026-04-13T19:23 | 15.4 min | 3 tracks
  2026-04-13T21:05 | 29.1 min | 5 tracks
  2026-04-13T23:06 | 5.2 min | 1 tracks
  2026-04-14T00:15 | 11.5 min | 3 tracks
  2026-04-14T01:54 | 12.7 min | 4 tracks
  2026-04-14T12:59 | 22.0 min | 7 tracks
  2026-04-14T17:09 | 12.8 min | 4 tracks
  2026-04-14T18:49 | 10.0 min | 3 tracks
  2026-04-14T22:18 | 140.8 min | 28 tracks
  2026-04-15T01:22 | 3.6 min | 1 tracks
  2026-04-15T03:00 | 5.8 min | 1 tracks
  2026-04-15T12:52 | 109.2 min | 29 tracks
  2026-04-15T20:00 | 65.8 min | 14 tracks
  2026-04-16T00:11 | 18.7 min | 3 tracks
  2026-04-16T01:38 | 33.9 min | 7 tracks

Resumen: 24 sesiones insertadas en sessions.
[OK] 1.1s | new rows in sessions: +0

[5/6] Compute session features
----------------------------------------
=== Calculo de features por sesion ===
24 sesiones procesadas:
  07564f44... | skips: 1 | genero: sin genero
  1dbaf28b... | skips: 0 | genero: sin genero
  1f1abd03... | skips: 0 | genero: sin genero
  2d53881f... | skips: 1 | genero: sin genero
  38e0b333... | skips: 0 | genero: sin genero
  399074b2... | skips: 0 | genero: sin genero
  44158cee... | skips: 2 | genero: sin genero
  610d6c1d... | skips: 0 | genero: sin genero
  6198c5e6... | skips: 3 | genero: sin genero
  61afc56d... | skips: 1 | genero: sin genero
  681ef6dd... | skips: 0 | genero: sin genero
  74ca3bf1... | skips: 0 | genero: sin genero
  83e34a9d... | skips: 0 | genero: sin genero
  8aa421ca... | skips: 0 | genero: sin genero
  92fe9784... | skips: 0 | genero: sin genero
  a4501b5a... | skips: 0 | genero: sin genero
  a65d3d14... | skips: 0 | genero: sin genero
  a6815cee... | skips: 0 | genero: sin genero
  ab3b1a6b... | skips: 0 | genero: sin genero
  b5ba4106... | skips: 0 | genero: sin genero
  c29449a2... | skips: 0 | genero: sin genero
  d7edacfd... | skips: 0 | genero: sin genero
  e9d8dc54... | skips: 1 | genero: sin genero
  f41016b9... | skips: 0 | genero: sin genero

Resumen: 24 registros en session_features.
[OK] 1.4s | new rows in session_features: +0

[6/6] Label activities
----------------------------------------
=== Activity labeling ===
24 sessions labeled:

  Session         Dur  Hour  Skips  Activity      Score
  -------------------------------------------------------
  38e0b333...   103.5m   22h      0    gym            1.00
  74ca3bf1...    14.5m   12h      0    shower         0.80
  44158cee...    62.3m   15h      2    gym            0.70
  83e34a9d...     2.6m   18h      0    casual         0.50
  610d6c1d...     3.4m   23h      0    casual         0.50
  1f1abd03...    14.9m    7h      0    shower         1.00
  2d53881f...    56.7m    9h      1    gym            1.00
  a65d3d14...     3.0m   11h      0    casual         0.50
  6198c5e6...   107.1m   12h      3    tasks          0.70
  1dbaf28b...    15.4m   14h      0    shower         0.80
  ab3b1a6b...    29.1m   16h      0    unknown        0.00
  a6815cee...     5.2m   18h      0    shower         0.80
  f41016b9...    11.5m   19h      0    shower         0.80
  399074b2...    12.7m   20h      0    shower         1.00
  d7edacfd...    20.0m    7h      0    shower         1.00
  681ef6dd...    12.8m   12h      0    shower         0.80
  e9d8dc54...    10.0m   13h      1    shower         0.50
  07564f44...   140.8m   17h      1    tasks          0.70
  92fe9784...     3.6m   20h      0    casual         0.50
  8aa421ca...     5.8m   22h      0    shower         1.00
  61afc56d...    22.8m    7h      1    unknown        0.00
  a4501b5a...    65.8m   15h      0    gym            0.70
  b5ba4106...    18.7m   19h      0    shower         0.80
  c29449a2...    33.9m   20h      0    unknown        0.00

Summary: 24 labels written to activity_labels.
[OK] 0.9s | new rows in activity_labels: +0

============================================================
Pipeline OK in 8.0s
============================================================
 #  Step                          Status     Before   After    New    Time
--------------------------------------------------------------------------
 1  Ingest plays                  skipped         -       -      -    0.0s
 2  Ingest audio features         skipped         -       -      -    0.0s
 3  Ingest artists                skipped         -       -      -    0.0s
 4  Build sessions                ok             24      24     +0    1.1s
 5  Compute session features      ok             24      24     +0    1.4s
 6  Label activities              ok             24      24     +0    0.9s
